[15:41:11] [main/WARN]: Ambiguity between arguments [teleport, location] and [teleport, destination] with inputs: [0.1 -0.5 .9, 0 0 0]
[15:41:11] [main/WARN]: Ambiguity between arguments [teleport, location] and [teleport, targets] with inputs: [0.1 -0.5 .9, 0 0 0]
[15:41:11] [main/WARN]: Ambiguity between arguments [teleport, targets] and [teleport, destination] with inputs: [Player, 0123, dd12be42-52a9-4a91-a8a1-11c01849e498]
[15:41:11] [main/WARN]: Ambiguity between arguments [teleport, targets, location] and [teleport, targets, destination] with inputs: [0.1 -0.5 .9, 0 0 0]
[15:41:12] [Server thread/INFO]: Starting minecraft server version 1.15.2
[15:41:12] [Server thread/INFO]: Loading properties
[15:41:12] [Server thread/INFO]: Default game type: SURVIVAL
[15:41:12] [Server thread/INFO]: Generating keypair
[15:41:13] [Server thread/INFO]: Starting Minecraft server on *:25565
[15:41:13] [Server thread/INFO]: Using default channel type
[15:41:13] [Server thread/INFO]: Preparing level "world"
[15:41:14] [Server thread/INFO]: Reloading ResourceManager: Default
[15:41:15] [Server thread/INFO]: Loaded 6 recipes
[15:41:15] [Server thread/INFO]: Loaded 825 advancements
[15:41:27] [Server thread/INFO]: Preparing start region for dimension minecraft:overworld
[15:41:29] [Server thread/INFO]: Preparing spawn area: 0%
[15:41:29] [Server thread/INFO]: Preparing spawn area: 0%
[15:41:29] [Server thread/INFO]: Preparing spawn area: 0%
[15:41:29] [Server thread/INFO]: Preparing spawn area: 0%
[15:41:29] [Server thread/INFO]: Preparing spawn area: 83%
[15:41:30] [Server thread/INFO]: Time elapsed: 2307 ms
[15:41:30] [Server thread/INFO]: Done (16.260s)! For help, type "help"
[15:41:53] [Server thread/INFO]: Stopping the server
[15:41:53] [Server thread/INFO]: Stopping server
[15:41:53] [Server thread/INFO]: Saving players
[15:41:53] [Server thread/INFO]: Saving worlds
[15:41:53] [Server thread/INFO]: Saving chunks for level 'world'/minecraft:the_nether
[15:41:53] [Server thread/INFO]: ThreadedAnvilChunkStorage (DIM-1): All chunks are saved
[15:41:53] [Server thread/INFO]: Saving chunks for level 'world'/minecraft:overworld
[15:41:54] [Server thread/INFO]: ThreadedAnvilChunkStorage (world): All chunks are saved
[15:41:54] [Server thread/INFO]: Saving chunks for level 'world'/minecraft:the_end
[15:41:54] [Server thread/INFO]: ThreadedAnvilChunkStorage (DIM1): All chunks are saved
[15:41:54] [Server thread/INFO]: ThreadedAnvilChunkStorage (DIM-1): All chunks are saved
[15:41:54] [Server thread/INFO]: ThreadedAnvilChunkStorage (world): All chunks are saved
[15:41:54] [Server thread/INFO]: ThreadedAnvilChunkStorage (DIM1): All chunks are saved
